core   0: 0x0000000000001000 (0x00000297) auipc   t0, 0x0
core   0: 3 0x0000000000001000 (0x00000297) x5  0x0000000000001000
core   0: 0x0000000000001004 (0x02028593) addi    a1, t0, 32
core   0: 3 0x0000000000001004 (0x02028593) x11 0x0000000000001020
core   0: 0x0000000000001008 (0xf1402573) csrr    a0, mhartid
core   0: 3 0x0000000000001008 (0xf1402573) x10 0x0000000000000000
core   0: 0x000000000000100c (0x0182b283) ld      t0, 24(t0)
core   0: 3 0x000000000000100c (0x0182b283) x5  0x0000000020000000 mem 0x0000000000001018
core   0: 0x0000000000001010 (0x00028067) jr      t0
core   0: 3 0x0000000000001010 (0x00028067)
core   0: 0x0000000020000000 (0x0000a801) c.j     pc + 16
core   0: 3 0x0000000020000000 (0xa801)
core   0: 0x0000000020000010 (0x00000197) auipc   gp, 0x0
core   0: 3 0x0000000020000010 (0x00000197) x3  0x0000000020000010
core   0: 0x0000000020000014 (0xff818193) addi    gp, gp, -8
core   0: 3 0x0000000020000014 (0xff818193) x3  0x0000000020000008
core   0: 0x0000000020000018 (0x0001b183) ld      gp, 0(gp)
core   0: 3 0x0000000020000018 (0x0001b183) x3  0x000000007f000608 mem 0x0000000020000008
core   0: 0x000000002000001c (0x0000a031) c.j     pc + 12
core   0: 3 0x000000002000001c (0xa031)
core   0: 0x0000000020000028 (0x00000217) auipc   tp, 0x0
core   0: 3 0x0000000020000028 (0x00000217) x4  0x0000000020000028
core   0: 0x000000002000002c (0xff820213) addi    tp, tp, -8
core   0: 3 0x000000002000002c (0xff820213) x4  0x0000000020000020
core   0: 0x0000000020000030 (0x00023203) ld      tp, 0(tp)
core   0: 3 0x0000000020000030 (0x00023203) x4  0x000000007f000610 mem 0x0000000020000020
core   0: 0x0000000020000034 (0x74446073) csrsi   mnstatus, 8
core   0: 3 0x0000000020000034 (0x74446073) c1860_mnstatus 0x0000000000000008
core   0: 0x0000000020000038 (0x000056fd) c.li    a3, -1
core   0: 3 0x0000000020000038 (0x56fd) x13 0xffffffffffffffff
core   0: 0x000000002000003a (0x3046b073) csrc    mie, a3
core   0: 3 0x000000002000003a (0x3046b073) c772_mie 0x0000000000000000
core   0: 0x000000002000003e (0x3446b073) csrc    mip, a3
core   0: 3 0x000000002000003e (0x3446b073) c836_mip 0x0000000000000000
core   0: 0x0000000020000042 (0x301027f3) csrr    a5, misa
core   0: 3 0x0000000020000042 (0x301027f3) x15 0x80000000003411af
core   0: 0x0000000020000046 (0x00042737) lui     a4, 0x42
core   0: 3 0x0000000020000046 (0x00042737) x14 0x0000000000042000
core   0: 0x000000002000004a (0x00008f7d) c.and   a4, a5
core   0: 3 0x000000002000004a (0x8f7d) x14 0x0000000000040000
core   0: 0x000000002000004c (0x0000c709) c.beqz  a4, pc + 10
core   0: 3 0x000000002000004c (0xc709)
core   0: 0x000000002000004e (0x3036b073) csrc    mideleg, a3
core   0: 3 0x000000002000004e (0x3036b073) c771_mideleg 0x0000000000001444
core   0: 0x0000000020000052 (0x3026b073) csrc    medeleg, a3
core   0: 3 0x0000000020000052 (0x3026b073) c770_medeleg 0x0000000000000000
core   0: 0x0000000020000056 (0x00040737) lui     a4, 0x40
core   0: 3 0x0000000020000056 (0x00040737) x14 0x0000000000040000
core   0: 0x000000002000005a (0x00008f7d) c.and   a4, a5
core   0: 3 0x000000002000005a (0x8f7d) x14 0x0000000000040000
core   0: 0x000000002000005c (0x0000c319) c.beqz  a4, pc + 6
core   0: 3 0x000000002000005c (0xc319)
core   0: 0x000000002000005e (0x1806b073) csrc    satp, a3
core   0: 3 0x000000002000005e (0x1806b073) c384_satp 0x0000000000000000
core   0: 0x0000000020000062 (0x00006741) c.lui   a4, 0x10
core   0: 3 0x0000000020000062 (0x6741) x14 0x0000000000010000
core   0: 0x0000000020000064 (0x0287071b) addiw   a4, a4, 40
core   0: 3 0x0000000020000064 (0x0287071b) x14 0x0000000000010028
core   0: 0x0000000020000068 (0x00008ff9) c.and   a5, a4
core   0: 3 0x0000000020000068 (0x8ff9) x15 0x0000000000000028
core   0: 0x000000002000006a (0x0000cb89) c.beqz  a5, pc + 18
core   0: 3 0x000000002000006a (0xcb89)
core   0: 0x000000002000006c (0x300027f3) csrr    a5, mstatus
core   0: 3 0x000000002000006c (0x300027f3) x15 0x0000000a00000000
core   0: 0x0000000020000070 (0x00006709) c.lui   a4, 0x2
core   0: 3 0x0000000020000070 (0x6709) x14 0x0000000000002000
core   0: 0x0000000020000072 (0x00008fd9) c.or    a5, a4
core   0: 3 0x0000000020000072 (0x8fd9) x15 0x0000000a00002000
core   0: 0x0000000020000074 (0x30079073) csrw    mstatus, a5
core   0: 3 0x0000000020000074 (0x30079073) c768_mstatus 0x0000000a00002000
core   0: 0x0000000020000078 (0x00305073) csrwi   fcsr, 0
core   0: 3 0x0000000020000078 (0x00305073) c1_fflags 0x0000000000000000 c2_frm 0x0000000000000000 c768_mstatus 0x8000000a00006000
core   0: 0x000000002000007c (0x60000793) li      a5, 1536
core   0: 3 0x000000002000007c (0x60000793) x15 0x0000000000000600
core   0: 0x0000000020000080 (0x3007a073) csrs    mstatus, a5
core   0: 3 0x0000000020000080 (0x3007a073) c768_mstatus 0x8000000a00006600
core   0: 0x0000000020000084 (0x300027f3) csrr    a5, mstatus
core   0: 3 0x0000000020000084 (0x300027f3) x15 0x8000000a00006600
core   0: 0x0000000020000088 (0x6007f793) andi    a5, a5, 1536
core   0: 3 0x0000000020000088 (0x6007f793) x15 0x0000000000000600
core   0: 0x000000002000008c (0x0000c789) c.beqz  a5, pc + 10
core   0: 3 0x000000002000008c (0xc789)
core   0: 0x000000002000008e (0xcc007057) vsetivli zero, 0, e8, m1, ta, ma
core   0: 3 0x000000002000008e (0xcc007057) c8_vstart 0x0000000000000000 c3104_vl 0x0000000000000000 c3105_vtype 0x00000000000000c0
core   0: 0x0000000020000092 (0x00f05073) csrwi   vcsr, 0
core   0: 3 0x0000000020000092 (0x00f05073) c9_vxsat 0x0000000000000000 c10_vxrm 0x0000000000000000
core   0: 0x0000000020000096 (0xf1402573) csrr    a0, mhartid
core   0: 3 0x0000000020000096 (0xf1402573) x10 0x0000000000000000
core   0: 0x000000002000009a (0x00100293) li      t0, 1
core   0: 3 0x000000002000009a (0x00100293) x5  0x0000000000000001
core   0: 0x000000002000009e (0x00554563) blt     a0, t0, pc + 10
core   0: 3 0x000000002000009e (0x00554563)
core   0: 0x00000000200000a8 (0x00000293) li      t0, 0
core   0: 3 0x00000000200000a8 (0x00000293) x5  0x0000000000000000
core   0: 0x00000000200000ac (0x04550663) beq     a0, t0, pc + 76
core   0: 3 0x00000000200000ac (0x04550663)
core   0: 0x00000000200000f8 (0x00100293) li      t0, 1
core   0: 3 0x00000000200000f8 (0x00100293) x5  0x0000000000000001
core   0: 0x00000000200000fc (0x02028263) beqz    t0, pc + 36
core   0: 3 0x00000000200000fc (0x02028263)
